ARM GAS  C:\Users\Adeel\AppData\Local\Temp\ccUhgXZj.s 			page 1


   1              		.cpu cortex-m0
   2              		.fpu softvfp
   3              		.eabi_attribute 20, 1
   4              		.eabi_attribute 21, 1
   5              		.eabi_attribute 23, 3
   6              		.eabi_attribute 24, 1
   7              		.eabi_attribute 25, 1
   8              		.eabi_attribute 26, 1
   9              		.eabi_attribute 30, 6
  10              		.eabi_attribute 34, 0
  11              		.eabi_attribute 18, 4
  12              		.code	16
  13              		.file	"BLE_custom.c"
  14              		.text
  15              	.Ltext0:
  16              		.cfi_sections	.debug_frame
  17              		.global	cyBle_customs
  18              		.section	.rodata
  19              		.align	2
  20              		.type	cyBle_customs, %object
  21              		.size	cyBle_customs, 8
  22              	cyBle_customs:
  23 0000 0C00     		.short	12
  24 0002 0E00     		.short	14
  25 0004 0F00     		.short	15
  26 0006 1000     		.short	16
  27              		.text
  28              	.Letext0:
  29              		.file 1 ".\\Generated_Source\\PSoC4\\cytypes.h"
  30              		.file 2 ".\\Generated_Source\\PSoC4\\BLE_StackGatt.h"
  31              		.file 3 ".\\Generated_Source\\PSoC4\\BLE_custom.h"
  32              		.file 4 ".\\Generated_Source\\PSoC4\\BLE_Stack.h"
  33              		.file 5 ".\\Generated_Source\\PSoC4\\BLE_custom.c"
  34              		.section	.debug_info,"",%progbits
  35              	.Ldebug_info0:
  36 0000 A1020000 		.4byte	0x2a1
  37 0004 0400     		.2byte	0x4
  38 0006 00000000 		.4byte	.Ldebug_abbrev0
  39 000a 04       		.byte	0x4
  40 000b 01       		.uleb128 0x1
  41 000c 79080000 		.4byte	.LASF75
  42 0010 01       		.byte	0x1
  43 0011 1A020000 		.4byte	.LASF76
  44 0015 E6060000 		.4byte	.LASF77
  45 0019 00000000 		.4byte	.Ldebug_line0
  46 001d 02       		.uleb128 0x2
  47 001e 01       		.byte	0x1
  48 001f 06       		.byte	0x6
  49 0020 34040000 		.4byte	.LASF0
  50 0024 02       		.uleb128 0x2
  51 0025 01       		.byte	0x1
  52 0026 08       		.byte	0x8
  53 0027 E9030000 		.4byte	.LASF1
  54 002b 02       		.uleb128 0x2
  55 002c 02       		.byte	0x2
  56 002d 05       		.byte	0x5
  57 002e 8D000000 		.4byte	.LASF2
ARM GAS  C:\Users\Adeel\AppData\Local\Temp\ccUhgXZj.s 			page 2


  58 0032 02       		.uleb128 0x2
  59 0033 02       		.byte	0x2
  60 0034 07       		.byte	0x7
  61 0035 2C050000 		.4byte	.LASF3
  62 0039 02       		.uleb128 0x2
  63 003a 04       		.byte	0x4
  64 003b 05       		.byte	0x5
  65 003c B3020000 		.4byte	.LASF4
  66 0040 02       		.uleb128 0x2
  67 0041 04       		.byte	0x4
  68 0042 07       		.byte	0x7
  69 0043 C5040000 		.4byte	.LASF5
  70 0047 02       		.uleb128 0x2
  71 0048 08       		.byte	0x8
  72 0049 05       		.byte	0x5
  73 004a 79020000 		.4byte	.LASF6
  74 004e 02       		.uleb128 0x2
  75 004f 08       		.byte	0x8
  76 0050 07       		.byte	0x7
  77 0051 87020000 		.4byte	.LASF7
  78 0055 03       		.uleb128 0x3
  79 0056 04       		.byte	0x4
  80 0057 05       		.byte	0x5
  81 0058 696E7400 		.ascii	"int\000"
  82 005c 02       		.uleb128 0x2
  83 005d 04       		.byte	0x4
  84 005e 07       		.byte	0x7
  85 005f 9D040000 		.4byte	.LASF8
  86 0063 04       		.uleb128 0x4
  87 0064 59010000 		.4byte	.LASF67
  88 0068 01       		.byte	0x1
  89 0069 A2       		.byte	0xa2
  90 006a 32000000 		.4byte	0x32
  91 006e 02       		.uleb128 0x2
  92 006f 04       		.byte	0x4
  93 0070 04       		.byte	0x4
  94 0071 40020000 		.4byte	.LASF9
  95 0075 02       		.uleb128 0x2
  96 0076 08       		.byte	0x8
  97 0077 04       		.byte	0x4
  98 0078 3A060000 		.4byte	.LASF10
  99 007c 02       		.uleb128 0x2
 100 007d 01       		.byte	0x1
 101 007e 08       		.byte	0x8
 102 007f 68050000 		.4byte	.LASF11
 103 0083 02       		.uleb128 0x2
 104 0084 04       		.byte	0x4
 105 0085 07       		.byte	0x7
 106 0086 CF000000 		.4byte	.LASF12
 107 008a 05       		.uleb128 0x5
 108 008b 01       		.byte	0x1
 109 008c 04       		.byte	0x4
 110 008d 52       		.byte	0x52
 111 008e FA010000 		.4byte	0x1fa
 112 0092 06       		.uleb128 0x6
 113 0093 C4010000 		.4byte	.LASF13
 114 0097 00       		.sleb128 0
ARM GAS  C:\Users\Adeel\AppData\Local\Temp\ccUhgXZj.s 			page 3


 115 0098 06       		.uleb128 0x6
 116 0099 28010000 		.4byte	.LASF14
 117 009d 01       		.sleb128 1
 118 009e 06       		.uleb128 0x6
 119 009f FA070000 		.4byte	.LASF15
 120 00a3 02       		.sleb128 2
 121 00a4 06       		.uleb128 0x6
 122 00a5 64060000 		.4byte	.LASF16
 123 00a9 03       		.sleb128 3
 124 00aa 06       		.uleb128 0x6
 125 00ab F2000000 		.4byte	.LASF17
 126 00af 04       		.sleb128 4
 127 00b0 06       		.uleb128 0x6
 128 00b1 45030000 		.4byte	.LASF18
 129 00b5 05       		.sleb128 5
 130 00b6 06       		.uleb128 0x6
 131 00b7 C2060000 		.4byte	.LASF19
 132 00bb 20       		.sleb128 32
 133 00bc 06       		.uleb128 0x6
 134 00bd D7040000 		.4byte	.LASF20
 135 00c1 21       		.sleb128 33
 136 00c2 06       		.uleb128 0x6
 137 00c3 00000000 		.4byte	.LASF21
 138 00c7 22       		.sleb128 34
 139 00c8 06       		.uleb128 0x6
 140 00c9 61030000 		.4byte	.LASF22
 141 00cd 23       		.sleb128 35
 142 00ce 06       		.uleb128 0x6
 143 00cf 81040000 		.4byte	.LASF23
 144 00d3 24       		.sleb128 36
 145 00d4 06       		.uleb128 0x6
 146 00d5 97000000 		.4byte	.LASF24
 147 00d9 25       		.sleb128 37
 148 00da 06       		.uleb128 0x6
 149 00db FC020000 		.4byte	.LASF25
 150 00df 26       		.sleb128 38
 151 00e0 06       		.uleb128 0x6
 152 00e1 DD020000 		.4byte	.LASF26
 153 00e5 27       		.sleb128 39
 154 00e6 06       		.uleb128 0x6
 155 00e7 59000000 		.4byte	.LASF27
 156 00eb 28       		.sleb128 40
 157 00ec 06       		.uleb128 0x6
 158 00ed 0F050000 		.4byte	.LASF28
 159 00f1 29       		.sleb128 41
 160 00f2 06       		.uleb128 0x6
 161 00f3 3F050000 		.4byte	.LASF29
 162 00f7 2A       		.sleb128 42
 163 00f8 06       		.uleb128 0x6
 164 00f9 DA050000 		.4byte	.LASF30
 165 00fd 2B       		.sleb128 43
 166 00fe 06       		.uleb128 0x6
 167 00ff 60010000 		.4byte	.LASF31
 168 0103 2C       		.sleb128 44
 169 0104 06       		.uleb128 0x6
 170 0105 D8000000 		.4byte	.LASF32
 171 0109 C000     		.sleb128 64
ARM GAS  C:\Users\Adeel\AppData\Local\Temp\ccUhgXZj.s 			page 4


 172 010b 06       		.uleb128 0x6
 173 010c AA040000 		.4byte	.LASF33
 174 0110 C100     		.sleb128 65
 175 0112 06       		.uleb128 0x6
 176 0113 B1000000 		.4byte	.LASF34
 177 0117 C200     		.sleb128 66
 178 0119 06       		.uleb128 0x6
 179 011a 3B010000 		.4byte	.LASF35
 180 011e C300     		.sleb128 67
 181 0120 06       		.uleb128 0x6
 182 0121 B8070000 		.4byte	.LASF36
 183 0125 C400     		.sleb128 68
 184 0127 06       		.uleb128 0x6
 185 0128 73070000 		.4byte	.LASF37
 186 012c C500     		.sleb128 69
 187 012e 06       		.uleb128 0x6
 188 012f 07010000 		.4byte	.LASF38
 189 0133 C600     		.sleb128 70
 190 0135 06       		.uleb128 0x6
 191 0136 16040000 		.4byte	.LASF39
 192 013a C700     		.sleb128 71
 193 013c 06       		.uleb128 0x6
 194 013d 5A040000 		.4byte	.LASF40
 195 0141 C800     		.sleb128 72
 196 0143 06       		.uleb128 0x6
 197 0144 46020000 		.4byte	.LASF41
 198 0148 C900     		.sleb128 73
 199 014a 06       		.uleb128 0x6
 200 014b 9D050000 		.4byte	.LASF42
 201 014f CA00     		.sleb128 74
 202 0151 06       		.uleb128 0x6
 203 0152 84010000 		.4byte	.LASF43
 204 0156 CB00     		.sleb128 75
 205 0158 06       		.uleb128 0x6
 206 0159 40040000 		.4byte	.LASF44
 207 015d CC00     		.sleb128 76
 208 015f 06       		.uleb128 0x6
 209 0160 5F020000 		.4byte	.LASF45
 210 0164 CD00     		.sleb128 77
 211 0166 06       		.uleb128 0x6
 212 0167 9A070000 		.4byte	.LASF46
 213 016b CE00     		.sleb128 78
 214 016d 06       		.uleb128 0x6
 215 016e F7030000 		.4byte	.LASF47
 216 0172 CF00     		.sleb128 79
 217 0174 06       		.uleb128 0x6
 218 0175 0C080000 		.4byte	.LASF48
 219 0179 D000     		.sleb128 80
 220 017b 06       		.uleb128 0x6
 221 017c BB050000 		.4byte	.LASF49
 222 0180 D100     		.sleb128 81
 223 0182 06       		.uleb128 0x6
 224 0183 24030000 		.4byte	.LASF50
 225 0187 D200     		.sleb128 82
 226 0189 06       		.uleb128 0x6
 227 018a BC020000 		.4byte	.LASF51
 228 018e D300     		.sleb128 83
ARM GAS  C:\Users\Adeel\AppData\Local\Temp\ccUhgXZj.s 			page 5


 229 0190 06       		.uleb128 0x6
 230 0191 A3010000 		.4byte	.LASF52
 231 0195 D400     		.sleb128 84
 232 0197 06       		.uleb128 0x6
 233 0198 55080000 		.4byte	.LASF53
 234 019c D500     		.sleb128 85
 235 019e 06       		.uleb128 0x6
 236 019f C3030000 		.4byte	.LASF54
 237 01a3 F000     		.sleb128 112
 238 01a5 06       		.uleb128 0x6
 239 01a6 9C060000 		.4byte	.LASF55
 240 01aa F100     		.sleb128 113
 241 01ac 06       		.uleb128 0x6
 242 01ad 6D050000 		.4byte	.LASF56
 243 01b1 F200     		.sleb128 114
 244 01b3 06       		.uleb128 0x6
 245 01b4 DB010000 		.4byte	.LASF57
 246 01b8 F300     		.sleb128 115
 247 01ba 06       		.uleb128 0x6
 248 01bb 97030000 		.4byte	.LASF58
 249 01bf F400     		.sleb128 116
 250 01c1 06       		.uleb128 0x6
 251 01c2 EE040000 		.4byte	.LASF59
 252 01c6 F500     		.sleb128 117
 253 01c8 06       		.uleb128 0x6
 254 01c9 F9010000 		.4byte	.LASF60
 255 01cd F600     		.sleb128 118
 256 01cf 06       		.uleb128 0x6
 257 01d0 7D060000 		.4byte	.LASF61
 258 01d4 F700     		.sleb128 119
 259 01d6 06       		.uleb128 0x6
 260 01d7 17060000 		.4byte	.LASF62
 261 01db F800     		.sleb128 120
 262 01dd 06       		.uleb128 0x6
 263 01de 41060000 		.4byte	.LASF63
 264 01e2 F900     		.sleb128 121
 265 01e4 06       		.uleb128 0x6
 266 01e5 D6070000 		.4byte	.LASF64
 267 01e9 FA00     		.sleb128 122
 268 01eb 06       		.uleb128 0x6
 269 01ec F9050000 		.4byte	.LASF65
 270 01f0 FA01     		.sleb128 250
 271 01f2 06       		.uleb128 0x6
 272 01f3 B5030000 		.4byte	.LASF66
 273 01f7 FF01     		.sleb128 255
 274 01f9 00       		.byte	0
 275 01fa 07       		.uleb128 0x7
 276 01fb 2B080000 		.4byte	.LASF68
 277 01ff 02       		.byte	0x2
 278 0200 4A01     		.2byte	0x14a
 279 0202 63000000 		.4byte	0x63
 280 0206 08       		.uleb128 0x8
 281 0207 06       		.byte	0x6
 282 0208 03       		.byte	0x3
 283 0209 34       		.byte	0x34
 284 020a 27020000 		.4byte	0x227
 285 020e 09       		.uleb128 0x9
ARM GAS  C:\Users\Adeel\AppData\Local\Temp\ccUhgXZj.s 			page 6


 286 020f 24000000 		.4byte	.LASF69
 287 0213 03       		.byte	0x3
 288 0214 37       		.byte	0x37
 289 0215 FA010000 		.4byte	0x1fa
 290 0219 00       		.byte	0
 291 021a 09       		.uleb128 0x9
 292 021b 3C000000 		.4byte	.LASF70
 293 021f 03       		.byte	0x3
 294 0220 39       		.byte	0x39
 295 0221 27020000 		.4byte	0x227
 296 0225 02       		.byte	0x2
 297 0226 00       		.byte	0
 298 0227 0A       		.uleb128 0xa
 299 0228 FA010000 		.4byte	0x1fa
 300 022c 37020000 		.4byte	0x237
 301 0230 0B       		.uleb128 0xb
 302 0231 83000000 		.4byte	0x83
 303 0235 01       		.byte	0x1
 304 0236 00       		.byte	0
 305 0237 04       		.uleb128 0x4
 306 0238 9E020000 		.4byte	.LASF71
 307 023c 03       		.byte	0x3
 308 023d 3A       		.byte	0x3a
 309 023e 06020000 		.4byte	0x206
 310 0242 08       		.uleb128 0x8
 311 0243 08       		.byte	0x8
 312 0244 03       		.byte	0x3
 313 0245 3D       		.byte	0x3d
 314 0246 63020000 		.4byte	0x263
 315 024a 09       		.uleb128 0x9
 316 024b 89050000 		.4byte	.LASF72
 317 024f 03       		.byte	0x3
 318 0250 40       		.byte	0x40
 319 0251 FA010000 		.4byte	0x1fa
 320 0255 00       		.byte	0
 321 0256 09       		.uleb128 0x9
 322 0257 7B000000 		.4byte	.LASF73
 323 025b 03       		.byte	0x3
 324 025c 43       		.byte	0x43
 325 025d 63020000 		.4byte	0x263
 326 0261 02       		.byte	0x2
 327 0262 00       		.byte	0
 328 0263 0A       		.uleb128 0xa
 329 0264 37020000 		.4byte	0x237
 330 0268 73020000 		.4byte	0x273
 331 026c 0B       		.uleb128 0xb
 332 026d 83000000 		.4byte	0x83
 333 0271 00       		.byte	0
 334 0272 00       		.byte	0
 335 0273 04       		.uleb128 0x4
 336 0274 87030000 		.4byte	.LASF74
 337 0278 03       		.byte	0x3
 338 0279 44       		.byte	0x44
 339 027a 42020000 		.4byte	0x242
 340 027e 0A       		.uleb128 0xa
 341 027f 73020000 		.4byte	0x273
 342 0283 8E020000 		.4byte	0x28e
ARM GAS  C:\Users\Adeel\AppData\Local\Temp\ccUhgXZj.s 			page 7


 343 0287 0B       		.uleb128 0xb
 344 0288 83000000 		.4byte	0x83
 345 028c 00       		.byte	0
 346 028d 00       		.byte	0
 347 028e 0C       		.uleb128 0xc
 348 028f 47080000 		.4byte	.LASF78
 349 0293 05       		.byte	0x5
 350 0294 19       		.byte	0x19
 351 0295 9F020000 		.4byte	0x29f
 352 0299 05       		.uleb128 0x5
 353 029a 03       		.byte	0x3
 354 029b 00000000 		.4byte	cyBle_customs
 355 029f 0D       		.uleb128 0xd
 356 02a0 7E020000 		.4byte	0x27e
 357 02a4 00       		.byte	0
 358              		.section	.debug_abbrev,"",%progbits
 359              	.Ldebug_abbrev0:
 360 0000 01       		.uleb128 0x1
 361 0001 11       		.uleb128 0x11
 362 0002 01       		.byte	0x1
 363 0003 25       		.uleb128 0x25
 364 0004 0E       		.uleb128 0xe
 365 0005 13       		.uleb128 0x13
 366 0006 0B       		.uleb128 0xb
 367 0007 03       		.uleb128 0x3
 368 0008 0E       		.uleb128 0xe
 369 0009 1B       		.uleb128 0x1b
 370 000a 0E       		.uleb128 0xe
 371 000b 10       		.uleb128 0x10
 372 000c 17       		.uleb128 0x17
 373 000d 00       		.byte	0
 374 000e 00       		.byte	0
 375 000f 02       		.uleb128 0x2
 376 0010 24       		.uleb128 0x24
 377 0011 00       		.byte	0
 378 0012 0B       		.uleb128 0xb
 379 0013 0B       		.uleb128 0xb
 380 0014 3E       		.uleb128 0x3e
 381 0015 0B       		.uleb128 0xb
 382 0016 03       		.uleb128 0x3
 383 0017 0E       		.uleb128 0xe
 384 0018 00       		.byte	0
 385 0019 00       		.byte	0
 386 001a 03       		.uleb128 0x3
 387 001b 24       		.uleb128 0x24
 388 001c 00       		.byte	0
 389 001d 0B       		.uleb128 0xb
 390 001e 0B       		.uleb128 0xb
 391 001f 3E       		.uleb128 0x3e
 392 0020 0B       		.uleb128 0xb
 393 0021 03       		.uleb128 0x3
 394 0022 08       		.uleb128 0x8
 395 0023 00       		.byte	0
 396 0024 00       		.byte	0
 397 0025 04       		.uleb128 0x4
 398 0026 16       		.uleb128 0x16
 399 0027 00       		.byte	0
ARM GAS  C:\Users\Adeel\AppData\Local\Temp\ccUhgXZj.s 			page 8


 400 0028 03       		.uleb128 0x3
 401 0029 0E       		.uleb128 0xe
 402 002a 3A       		.uleb128 0x3a
 403 002b 0B       		.uleb128 0xb
 404 002c 3B       		.uleb128 0x3b
 405 002d 0B       		.uleb128 0xb
 406 002e 49       		.uleb128 0x49
 407 002f 13       		.uleb128 0x13
 408 0030 00       		.byte	0
 409 0031 00       		.byte	0
 410 0032 05       		.uleb128 0x5
 411 0033 04       		.uleb128 0x4
 412 0034 01       		.byte	0x1
 413 0035 0B       		.uleb128 0xb
 414 0036 0B       		.uleb128 0xb
 415 0037 3A       		.uleb128 0x3a
 416 0038 0B       		.uleb128 0xb
 417 0039 3B       		.uleb128 0x3b
 418 003a 0B       		.uleb128 0xb
 419 003b 01       		.uleb128 0x1
 420 003c 13       		.uleb128 0x13
 421 003d 00       		.byte	0
 422 003e 00       		.byte	0
 423 003f 06       		.uleb128 0x6
 424 0040 28       		.uleb128 0x28
 425 0041 00       		.byte	0
 426 0042 03       		.uleb128 0x3
 427 0043 0E       		.uleb128 0xe
 428 0044 1C       		.uleb128 0x1c
 429 0045 0D       		.uleb128 0xd
 430 0046 00       		.byte	0
 431 0047 00       		.byte	0
 432 0048 07       		.uleb128 0x7
 433 0049 16       		.uleb128 0x16
 434 004a 00       		.byte	0
 435 004b 03       		.uleb128 0x3
 436 004c 0E       		.uleb128 0xe
 437 004d 3A       		.uleb128 0x3a
 438 004e 0B       		.uleb128 0xb
 439 004f 3B       		.uleb128 0x3b
 440 0050 05       		.uleb128 0x5
 441 0051 49       		.uleb128 0x49
 442 0052 13       		.uleb128 0x13
 443 0053 00       		.byte	0
 444 0054 00       		.byte	0
 445 0055 08       		.uleb128 0x8
 446 0056 13       		.uleb128 0x13
 447 0057 01       		.byte	0x1
 448 0058 0B       		.uleb128 0xb
 449 0059 0B       		.uleb128 0xb
 450 005a 3A       		.uleb128 0x3a
 451 005b 0B       		.uleb128 0xb
 452 005c 3B       		.uleb128 0x3b
 453 005d 0B       		.uleb128 0xb
 454 005e 01       		.uleb128 0x1
 455 005f 13       		.uleb128 0x13
 456 0060 00       		.byte	0
ARM GAS  C:\Users\Adeel\AppData\Local\Temp\ccUhgXZj.s 			page 9


 457 0061 00       		.byte	0
 458 0062 09       		.uleb128 0x9
 459 0063 0D       		.uleb128 0xd
 460 0064 00       		.byte	0
 461 0065 03       		.uleb128 0x3
 462 0066 0E       		.uleb128 0xe
 463 0067 3A       		.uleb128 0x3a
 464 0068 0B       		.uleb128 0xb
 465 0069 3B       		.uleb128 0x3b
 466 006a 0B       		.uleb128 0xb
 467 006b 49       		.uleb128 0x49
 468 006c 13       		.uleb128 0x13
 469 006d 38       		.uleb128 0x38
 470 006e 0B       		.uleb128 0xb
 471 006f 00       		.byte	0
 472 0070 00       		.byte	0
 473 0071 0A       		.uleb128 0xa
 474 0072 01       		.uleb128 0x1
 475 0073 01       		.byte	0x1
 476 0074 49       		.uleb128 0x49
 477 0075 13       		.uleb128 0x13
 478 0076 01       		.uleb128 0x1
 479 0077 13       		.uleb128 0x13
 480 0078 00       		.byte	0
 481 0079 00       		.byte	0
 482 007a 0B       		.uleb128 0xb
 483 007b 21       		.uleb128 0x21
 484 007c 00       		.byte	0
 485 007d 49       		.uleb128 0x49
 486 007e 13       		.uleb128 0x13
 487 007f 2F       		.uleb128 0x2f
 488 0080 0B       		.uleb128 0xb
 489 0081 00       		.byte	0
 490 0082 00       		.byte	0
 491 0083 0C       		.uleb128 0xc
 492 0084 34       		.uleb128 0x34
 493 0085 00       		.byte	0
 494 0086 03       		.uleb128 0x3
 495 0087 0E       		.uleb128 0xe
 496 0088 3A       		.uleb128 0x3a
 497 0089 0B       		.uleb128 0xb
 498 008a 3B       		.uleb128 0x3b
 499 008b 0B       		.uleb128 0xb
 500 008c 49       		.uleb128 0x49
 501 008d 13       		.uleb128 0x13
 502 008e 3F       		.uleb128 0x3f
 503 008f 19       		.uleb128 0x19
 504 0090 02       		.uleb128 0x2
 505 0091 18       		.uleb128 0x18
 506 0092 00       		.byte	0
 507 0093 00       		.byte	0
 508 0094 0D       		.uleb128 0xd
 509 0095 26       		.uleb128 0x26
 510 0096 00       		.byte	0
 511 0097 49       		.uleb128 0x49
 512 0098 13       		.uleb128 0x13
 513 0099 00       		.byte	0
ARM GAS  C:\Users\Adeel\AppData\Local\Temp\ccUhgXZj.s 			page 10


 514 009a 00       		.byte	0
 515 009b 00       		.byte	0
 516              		.section	.debug_aranges,"",%progbits
 517 0000 14000000 		.4byte	0x14
 518 0004 0200     		.2byte	0x2
 519 0006 00000000 		.4byte	.Ldebug_info0
 520 000a 04       		.byte	0x4
 521 000b 00       		.byte	0
 522 000c 0000     		.2byte	0
 523 000e 0000     		.2byte	0
 524 0010 00000000 		.4byte	0
 525 0014 00000000 		.4byte	0
 526              		.section	.debug_line,"",%progbits
 527              	.Ldebug_line0:
 528 0000 81000000 		.section	.debug_str,"MS",%progbits,1
 528      02007B00 
 528      00000201 
 528      FB0E0D00 
 528      01010101 
 529              	.LASF21:
 530 0000 4359424C 		.ascii	"CYBLE_EVT_GAP_PASSKEY_ENTRY_REQUEST\000"
 530      455F4556 
 530      545F4741 
 530      505F5041 
 530      53534B45 
 531              	.LASF69:
 532 0024 63757374 		.ascii	"customServiceCharHandle\000"
 532      6F6D5365 
 532      72766963 
 532      65436861 
 532      7248616E 
 533              	.LASF70:
 534 003c 63757374 		.ascii	"customServiceCharDescriptors\000"
 534      6F6D5365 
 534      72766963 
 534      65436861 
 534      72446573 
 535              	.LASF27:
 536 0059 4359424C 		.ascii	"CYBLE_EVT_GAP_DEVICE_DISCONNECTED\000"
 536      455F4556 
 536      545F4741 
 536      505F4445 
 536      56494345 
 537              	.LASF73:
 538 007b 63757374 		.ascii	"customServiceInfo\000"
 538      6F6D5365 
 538      72766963 
 538      65496E66 
 538      6F00
 539              	.LASF2:
 540 008d 73686F72 		.ascii	"short int\000"
 540      7420696E 
 540      7400
 541              	.LASF24:
 542 0097 4359424C 		.ascii	"CYBLE_EVT_GAP_AUTH_FAILED\000"
 542      455F4556 
 542      545F4741 
ARM GAS  C:\Users\Adeel\AppData\Local\Temp\ccUhgXZj.s 			page 11


 542      505F4155 
 542      54485F46 
 543              	.LASF34:
 544 00b1 4359424C 		.ascii	"CYBLE_EVT_GATT_DISCONNECT_IND\000"
 544      455F4556 
 544      545F4741 
 544      54545F44 
 544      4953434F 
 545              	.LASF12:
 546 00cf 73697A65 		.ascii	"sizetype\000"
 546      74797065 
 546      00
 547              	.LASF32:
 548 00d8 4359424C 		.ascii	"CYBLE_EVT_GATTC_ERROR_RSP\000"
 548      455F4556 
 548      545F4741 
 548      5454435F 
 548      4552524F 
 549              	.LASF17:
 550 00f2 4359424C 		.ascii	"CYBLE_EVT_HCI_STATUS\000"
 550      455F4556 
 550      545F4843 
 550      495F5354 
 550      41545553 
 551              	.LASF38:
 552 0107 4359424C 		.ascii	"CYBLE_EVT_GATTC_READ_BY_TYPE_RSP\000"
 552      455F4556 
 552      545F4741 
 552      5454435F 
 552      52454144 
 553              	.LASF14:
 554 0128 4359424C 		.ascii	"CYBLE_EVT_STACK_ON\000"
 554      455F4556 
 554      545F5354 
 554      41434B5F 
 554      4F4E00
 555              	.LASF35:
 556 013b 4359424C 		.ascii	"CYBLE_EVT_GATTS_XCNHG_MTU_REQ\000"
 556      455F4556 
 556      545F4741 
 556      5454535F 
 556      58434E48 
 557              	.LASF67:
 558 0159 75696E74 		.ascii	"uint16\000"
 558      313600
 559              	.LASF31:
 560 0160 4359424C 		.ascii	"CYBLE_EVT_GAP_KEYINFO_EXCHNGE_CMPLT\000"
 560      455F4556 
 560      545F4741 
 560      505F4B45 
 560      59494E46 
 561              	.LASF43:
 562 0184 4359424C 		.ascii	"CYBLE_EVT_GATTC_READ_MULTI_RSP\000"
 562      455F4556 
 562      545F4741 
 562      5454435F 
 562      52454144 
ARM GAS  C:\Users\Adeel\AppData\Local\Temp\ccUhgXZj.s 			page 12


 563              	.LASF52:
 564 01a3 4359424C 		.ascii	"CYBLE_EVT_GATTS_HANDLE_VALUE_CNF\000"
 564      455F4556 
 564      545F4741 
 564      5454535F 
 564      48414E44 
 565              	.LASF13:
 566 01c4 4359424C 		.ascii	"CYBLE_EVT_HOST_INVALID\000"
 566      455F4556 
 566      545F484F 
 566      53545F49 
 566      4E56414C 
 567              	.LASF57:
 568 01db 4359424C 		.ascii	"CYBLE_EVT_L2CAP_CBFC_CONN_IND\000"
 568      455F4556 
 568      545F4C32 
 568      4341505F 
 568      43424643 
 569              	.LASF60:
 570 01f9 4359424C 		.ascii	"CYBLE_EVT_L2CAP_CBFC_DISCONN_CNF\000"
 570      455F4556 
 570      545F4C32 
 570      4341505F 
 570      43424643 
 571              	.LASF76:
 572 021a 2E5C4765 		.ascii	".\\Generated_Source\\PSoC4\\BLE_custom.c\000"
 572      6E657261 
 572      7465645F 
 572      536F7572 
 572      63655C50 
 573              	.LASF9:
 574 0240 666C6F61 		.ascii	"float\000"
 574      7400
 575              	.LASF41:
 576 0246 4359424C 		.ascii	"CYBLE_EVT_GATTC_READ_RSP\000"
 576      455F4556 
 576      545F4741 
 576      5454435F 
 576      52454144 
 577              	.LASF45:
 578 025f 4359424C 		.ascii	"CYBLE_EVT_GATTC_WRITE_RSP\000"
 578      455F4556 
 578      545F4741 
 578      5454435F 
 578      57524954 
 579              	.LASF6:
 580 0279 6C6F6E67 		.ascii	"long long int\000"
 580      206C6F6E 
 580      6720696E 
 580      7400
 581              	.LASF7:
 582 0287 6C6F6E67 		.ascii	"long long unsigned int\000"
 582      206C6F6E 
 582      6720756E 
 582      7369676E 
 582      65642069 
 583              	.LASF71:
ARM GAS  C:\Users\Adeel\AppData\Local\Temp\ccUhgXZj.s 			page 13


 584 029e 4359424C 		.ascii	"CYBLE_CUSTOMS_INFO_T\000"
 584      455F4355 
 584      53544F4D 
 584      535F494E 
 584      464F5F54 
 585              	.LASF4:
 586 02b3 6C6F6E67 		.ascii	"long int\000"
 586      20696E74 
 586      00
 587              	.LASF51:
 588 02bc 4359424C 		.ascii	"CYBLE_EVT_GATTC_HANDLE_VALUE_IND\000"
 588      455F4556 
 588      545F4741 
 588      5454435F 
 588      48414E44 
 589              	.LASF26:
 590 02dd 4359424C 		.ascii	"CYBLE_EVT_GAP_DEVICE_CONNECTED\000"
 590      455F4556 
 590      545F4741 
 590      505F4445 
 590      56494345 
 591              	.LASF25:
 592 02fc 4359424C 		.ascii	"CYBLE_EVT_GAPP_ADVERTISEMENT_START_STOP\000"
 592      455F4556 
 592      545F4741 
 592      50505F41 
 592      44564552 
 593              	.LASF50:
 594 0324 4359424C 		.ascii	"CYBLE_EVT_GATTC_HANDLE_VALUE_NTF\000"
 594      455F4556 
 594      545F4741 
 594      5454435F 
 594      48414E44 
 595              	.LASF18:
 596 0345 4359424C 		.ascii	"CYBLE_EVT_STACK_BUSY_STATUS\000"
 596      455F4556 
 596      545F5354 
 596      41434B5F 
 596      42555359 
 597              	.LASF22:
 598 0361 4359424C 		.ascii	"CYBLE_EVT_GAP_PASSKEY_DISPLAY_REQUEST\000"
 598      455F4556 
 598      545F4741 
 598      505F5041 
 598      53534B45 
 599              	.LASF74:
 600 0387 4359424C 		.ascii	"CYBLE_CUSTOMS_T\000"
 600      455F4355 
 600      53544F4D 
 600      535F5400 
 601              	.LASF58:
 602 0397 4359424C 		.ascii	"CYBLE_EVT_L2CAP_CBFC_CONN_CNF\000"
 602      455F4556 
 602      545F4C32 
 602      4341505F 
 602      43424643 
 603              	.LASF66:
ARM GAS  C:\Users\Adeel\AppData\Local\Temp\ccUhgXZj.s 			page 14


 604 03b5 4359424C 		.ascii	"CYBLE_EVT_MAX\000"
 604      455F4556 
 604      545F4D41 
 604      5800
 605              	.LASF54:
 606 03c3 4359424C 		.ascii	"CYBLE_EVT_L2CAP_CONN_PARAM_UPDATE_REQ\000"
 606      455F4556 
 606      545F4C32 
 606      4341505F 
 606      434F4E4E 
 607              	.LASF1:
 608 03e9 756E7369 		.ascii	"unsigned char\000"
 608      676E6564 
 608      20636861 
 608      7200
 609              	.LASF47:
 610 03f7 4359424C 		.ascii	"CYBLE_EVT_GATTS_PREP_WRITE_REQ\000"
 610      455F4556 
 610      545F4741 
 610      5454535F 
 610      50524550 
 611              	.LASF39:
 612 0416 4359424C 		.ascii	"CYBLE_EVT_GATTC_FIND_INFO_RSP\000"
 612      455F4556 
 612      545F4741 
 612      5454435F 
 612      46494E44 
 613              	.LASF0:
 614 0434 7369676E 		.ascii	"signed char\000"
 614      65642063 
 614      68617200 
 615              	.LASF44:
 616 0440 4359424C 		.ascii	"CYBLE_EVT_GATTS_WRITE_REQ\000"
 616      455F4556 
 616      545F4741 
 616      5454535F 
 616      57524954 
 617              	.LASF40:
 618 045a 4359424C 		.ascii	"CYBLE_EVT_GATTC_FIND_BY_TYPE_VALUE_RSP\000"
 618      455F4556 
 618      545F4741 
 618      5454435F 
 618      46494E44 
 619              	.LASF23:
 620 0481 4359424C 		.ascii	"CYBLE_EVT_GAP_AUTH_COMPLETE\000"
 620      455F4556 
 620      545F4741 
 620      505F4155 
 620      54485F43 
 621              	.LASF8:
 622 049d 756E7369 		.ascii	"unsigned int\000"
 622      676E6564 
 622      20696E74 
 622      00
 623              	.LASF33:
 624 04aa 4359424C 		.ascii	"CYBLE_EVT_GATT_CONNECT_IND\000"
 624      455F4556 
ARM GAS  C:\Users\Adeel\AppData\Local\Temp\ccUhgXZj.s 			page 15


 624      545F4741 
 624      54545F43 
 624      4F4E4E45 
 625              	.LASF5:
 626 04c5 6C6F6E67 		.ascii	"long unsigned int\000"
 626      20756E73 
 626      69676E65 
 626      6420696E 
 626      7400
 627              	.LASF20:
 628 04d7 4359424C 		.ascii	"CYBLE_EVT_GAP_AUTH_REQ\000"
 628      455F4556 
 628      545F4741 
 628      505F4155 
 628      54485F52 
 629              	.LASF59:
 630 04ee 4359424C 		.ascii	"CYBLE_EVT_L2CAP_CBFC_DISCONN_IND\000"
 630      455F4556 
 630      545F4C32 
 630      4341505F 
 630      43424643 
 631              	.LASF28:
 632 050f 4359424C 		.ascii	"CYBLE_EVT_GAP_ENCRYPT_CHANGE\000"
 632      455F4556 
 632      545F4741 
 632      505F454E 
 632      43525950 
 633              	.LASF3:
 634 052c 73686F72 		.ascii	"short unsigned int\000"
 634      7420756E 
 634      7369676E 
 634      65642069 
 634      6E7400
 635              	.LASF29:
 636 053f 4359424C 		.ascii	"CYBLE_EVT_GAP_CONNECTION_UPDATE_COMPLETE\000"
 636      455F4556 
 636      545F4741 
 636      505F434F 
 636      4E4E4543 
 637              	.LASF11:
 638 0568 63686172 		.ascii	"char\000"
 638      00
 639              	.LASF56:
 640 056d 4359424C 		.ascii	"CYBLE_EVT_L2CAP_COMMAND_REJ\000"
 640      455F4556 
 640      545F4C32 
 640      4341505F 
 640      434F4D4D 
 641              	.LASF72:
 642 0589 63757374 		.ascii	"customServiceHandle\000"
 642      6F6D5365 
 642      72766963 
 642      6548616E 
 642      646C6500 
 643              	.LASF42:
 644 059d 4359424C 		.ascii	"CYBLE_EVT_GATTC_READ_BLOB_RSP\000"
 644      455F4556 
ARM GAS  C:\Users\Adeel\AppData\Local\Temp\ccUhgXZj.s 			page 16


 644      545F4741 
 644      5454435F 
 644      52454144 
 645              	.LASF49:
 646 05bb 4359424C 		.ascii	"CYBLE_EVT_GATTC_EXEC_WRITE_RSP\000"
 646      455F4556 
 646      545F4741 
 646      5454435F 
 646      45584543 
 647              	.LASF30:
 648 05da 4359424C 		.ascii	"CYBLE_EVT_GAPC_SCAN_START_STOP\000"
 648      455F4556 
 648      545F4741 
 648      50435F53 
 648      43414E5F 
 649              	.LASF65:
 650 05f9 4359424C 		.ascii	"CYBLE_EVT_PENDING_FLASH_WRITE\000"
 650      455F4556 
 650      545F5045 
 650      4E44494E 
 650      475F464C 
 651              	.LASF62:
 652 0617 4359424C 		.ascii	"CYBLE_EVT_L2CAP_CBFC_RX_CREDIT_IND\000"
 652      455F4556 
 652      545F4C32 
 652      4341505F 
 652      43424643 
 653              	.LASF10:
 654 063a 646F7562 		.ascii	"double\000"
 654      6C6500
 655              	.LASF63:
 656 0641 4359424C 		.ascii	"CYBLE_EVT_L2CAP_CBFC_TX_CREDIT_IND\000"
 656      455F4556 
 656      545F4C32 
 656      4341505F 
 656      43424643 
 657              	.LASF16:
 658 0664 4359424C 		.ascii	"CYBLE_EVT_HARDWARE_ERROR\000"
 658      455F4556 
 658      545F4841 
 658      52445741 
 658      52455F45 
 659              	.LASF61:
 660 067d 4359424C 		.ascii	"CYBLE_EVT_L2CAP_CBFC_DATA_READ\000"
 660      455F4556 
 660      545F4C32 
 660      4341505F 
 660      43424643 
 661              	.LASF55:
 662 069c 4359424C 		.ascii	"CYBLE_EVT_L2CAP_CONN_PARAM_UPDATE_RSP\000"
 662      455F4556 
 662      545F4C32 
 662      4341505F 
 662      434F4E4E 
 663              	.LASF19:
 664 06c2 4359424C 		.ascii	"CYBLE_EVT_GAPC_SCAN_PROGRESS_RESULT\000"
 664      455F4556 
ARM GAS  C:\Users\Adeel\AppData\Local\Temp\ccUhgXZj.s 			page 17


 664      545F4741 
 664      50435F53 
 664      43414E5F 
 665              	.LASF77:
 666 06e6 433A5C55 		.ascii	"C:\\Users\\Adeel\\Downloads\\PSoC_4_BLE_CapSense_Pr"
 666      73657273 
 666      5C416465 
 666      656C5C44 
 666      6F776E6C 
 667 0715 6F78696D 		.ascii	"oximity.cywrk.Archive01 (1)\\PSoC_4_BLE_CapSense_Pr"
 667      6974792E 
 667      63797772 
 667      6B2E4172 
 667      63686976 
 668 0747 6F78696D 		.ascii	"oximity\\PSoC_4_BLE_CapSense_Proximity.cydsn\000"
 668      6974795C 
 668      50536F43 
 668      5F345F42 
 668      4C455F43 
 669              	.LASF37:
 670 0773 4359424C 		.ascii	"CYBLE_EVT_GATTC_READ_BY_GROUP_TYPE_RSP\000"
 670      455F4556 
 670      545F4741 
 670      5454435F 
 670      52454144 
 671              	.LASF46:
 672 079a 4359424C 		.ascii	"CYBLE_EVT_GATTS_WRITE_CMD_REQ\000"
 672      455F4556 
 672      545F4741 
 672      5454535F 
 672      57524954 
 673              	.LASF36:
 674 07b8 4359424C 		.ascii	"CYBLE_EVT_GATTC_XCHNG_MTU_RSP\000"
 674      455F4556 
 674      545F4741 
 674      5454435F 
 674      5843484E 
 675              	.LASF64:
 676 07d6 4359424C 		.ascii	"CYBLE_EVT_L2CAP_CBFC_DATA_WRITE_IND\000"
 676      455F4556 
 676      545F4C32 
 676      4341505F 
 676      43424643 
 677              	.LASF15:
 678 07fa 4359424C 		.ascii	"CYBLE_EVT_TIMEOUT\000"
 678      455F4556 
 678      545F5449 
 678      4D454F55 
 678      5400
 679              	.LASF48:
 680 080c 4359424C 		.ascii	"CYBLE_EVT_GATTS_EXEC_WRITE_REQ\000"
 680      455F4556 
 680      545F4741 
 680      5454535F 
 680      45584543 
 681              	.LASF68:
 682 082b 4359424C 		.ascii	"CYBLE_GATT_DB_ATTR_HANDLE_T\000"
ARM GAS  C:\Users\Adeel\AppData\Local\Temp\ccUhgXZj.s 			page 18


 682      455F4741 
 682      54545F44 
 682      425F4154 
 682      54525F48 
 683              	.LASF78:
 684 0847 6379426C 		.ascii	"cyBle_customs\000"
 684      655F6375 
 684      73746F6D 
 684      7300
 685              	.LASF53:
 686 0855 4359424C 		.ascii	"CYBLE_EVT_GATTS_DATA_SIGNED_CMD_REQ\000"
 686      455F4556 
 686      545F4741 
 686      5454535F 
 686      44415441 
 687              	.LASF75:
 688 0879 474E5520 		.ascii	"GNU C 4.8.4 20140526 (release) [ARM/embedded-4_8-br"
 688      4320342E 
 688      382E3420 
 688      32303134 
 688      30353236 
 689 08ac 616E6368 		.ascii	"anch revision 211358] -mcpu=cortex-m0 -mthumb -g -O"
 689      20726576 
 689      6973696F 
 689      6E203231 
 689      31333538 
 690 08df 30202D66 		.ascii	"0 -ffunction-sections\000"
 690      66756E63 
 690      74696F6E 
 690      2D736563 
 690      74696F6E 
 691              		.ident	"GCC: (GNU Tools for ARM Embedded Processors) 4.8.4 20140526 (release) [ARM/embedded-4_8-br
